[2024-06-17T00:00:02.334+0000] {local_task_job_runner.py:120} INFO - ::group::Pre task execution logs
[2024-06-17T00:00:02.350+0000] {taskinstance.py:2076} INFO - Dependencies all met for dep_context=non-requeueable deps ti=<TaskInstance: dag_data_etl_v3.parse_data scheduled__2024-06-16T12:00:00+00:00 [queued]>
[2024-06-17T00:00:02.355+0000] {taskinstance.py:2076} INFO - Dependencies all met for dep_context=requeueable deps ti=<TaskInstance: dag_data_etl_v3.parse_data scheduled__2024-06-16T12:00:00+00:00 [queued]>
[2024-06-17T00:00:02.355+0000] {taskinstance.py:2306} INFO - Starting attempt 1 of 6
[2024-06-17T00:00:02.363+0000] {taskinstance.py:2330} INFO - Executing <Task(PythonOperator): parse_data> on 2024-06-16 12:00:00+00:00
[2024-06-17T00:00:02.368+0000] {standard_task_runner.py:90} INFO - Running: ['***', 'tasks', 'run', 'dag_data_etl_v3', 'parse_data', 'scheduled__2024-06-16T12:00:00+00:00', '--job-id', '20', '--raw', '--subdir', 'DAGS_FOLDER/data_etl_dag.py', '--cfg-path', '/tmp/tmpsdtavsal']
[2024-06-17T00:00:02.369+0000] {standard_task_runner.py:91} INFO - Job 20: Subtask parse_data
[2024-06-17T00:00:02.370+0000] {logging_mixin.py:188} WARNING - /home/***/.local/lib/python3.12/site-packages/***/task/task_runner/standard_task_runner.py:61 DeprecationWarning: This process (pid=1314) is multi-threaded, use of fork() may lead to deadlocks in the child.
[2024-06-17T00:00:02.371+0000] {standard_task_runner.py:63} INFO - Started process 1316 to run task
[2024-06-17T00:00:02.395+0000] {task_command.py:426} INFO - Running <TaskInstance: dag_data_etl_v3.parse_data scheduled__2024-06-16T12:00:00+00:00 [running]> on host 10482076056f
[2024-06-17T00:00:02.443+0000] {taskinstance.py:2648} INFO - Exporting env vars: AIRFLOW_CTX_DAG_OWNER='Solarev Ruslan' AIRFLOW_CTX_DAG_ID='dag_data_etl_v3' AIRFLOW_CTX_TASK_ID='parse_data' AIRFLOW_CTX_EXECUTION_DATE='2024-06-16T12:00:00+00:00' AIRFLOW_CTX_TRY_NUMBER='1' AIRFLOW_CTX_DAG_RUN_ID='scheduled__2024-06-16T12:00:00+00:00'
[2024-06-17T00:00:02.444+0000] {taskinstance.py:430} INFO - ::endgroup::
[2024-06-17T00:00:02.462+0000] {logging_mixin.py:188} INFO - Добавлена новая профессия: Администратор базы данных
[2024-06-17T00:00:13.131+0000] {logging_mixin.py:188} INFO - Добавлена новая профессия: ERP-программист
[2024-06-17T00:00:23.990+0000] {logging_mixin.py:188} INFO - Добавлена новая профессия: Тестировщик программного обеспечения (ПО)
[2024-06-17T00:00:34.958+0000] {logging_mixin.py:188} INFO - Добавлена новая профессия: Модератор форума
[2024-06-17T00:00:36.330+0000] {logging_mixin.py:188} INFO - Добавлена новая профессия: HTML-верстальщик
[2024-06-17T00:00:37.857+0000] {logging_mixin.py:188} INFO - Добавлена новая профессия: Системный администратор
[2024-06-17T00:00:48.148+0000] {logging_mixin.py:188} INFO - Добавлена новая профессия: IT-евангелист
[2024-06-17T00:00:49.632+0000] {logging_mixin.py:188} INFO - Добавлена новая профессия: Технический писатель
[2024-06-17T00:01:00.086+0000] {logging_mixin.py:188} INFO - Добавлена новая профессия: Администратор сайта
[2024-06-17T00:01:10.130+0000] {logging_mixin.py:188} INFO - Добавлена новая профессия: Бизнес-аналитик 
[2024-06-17T00:01:21.670+0000] {logging_mixin.py:188} INFO - Добавлена новая профессия: Специалист по информационной безопасности
[2024-06-17T00:01:32.279+0000] {logging_mixin.py:188} INFO - Добавлена новая профессия: Веб-программист
[2024-06-17T00:01:42.700+0000] {logging_mixin.py:188} INFO - Добавлена новая профессия: Программист
[2024-06-17T00:01:53.104+0000] {logging_mixin.py:188} INFO - Добавлена новая профессия: Программист 1С
[2024-06-17T00:02:04.378+0000] {logging_mixin.py:188} INFO - Добавлена новая профессия: Системный программист
[2024-06-17T00:02:15.205+0000] {logging_mixin.py:188} INFO - Добавлена новая профессия: ERP-консультант
[2024-06-17T00:02:25.750+0000] {logging_mixin.py:188} INFO - Добавлена новая профессия: Корпоративный архитектор
[2024-06-17T00:02:36.447+0000] {logging_mixin.py:188} INFO - Добавлена новая профессия: QA-инженер
[2024-06-17T00:02:46.820+0000] {logging_mixin.py:188} INFO - Добавлена новая профессия: SEO-специалист
[2024-06-17T00:02:57.391+0000] {logging_mixin.py:188} INFO - Добавлена новая профессия: Data Scientist
[2024-06-17T00:03:08.348+0000] {logging_mixin.py:188} INFO - Добавлена новая профессия: Frontend разработчик
[2024-06-17T00:03:18.741+0000] {logging_mixin.py:188} INFO - Добавлена новая профессия: Backend разработчик
[2024-06-17T00:03:30.436+0000] {logging_mixin.py:188} INFO - Добавлена новая профессия: Мобильный разработчик
[2024-06-17T00:03:40.755+0000] {logging_mixin.py:188} INFO - Добавлена новая профессия: Юзабилити-специалист
[2024-06-17T00:03:42.645+0000] {logging_mixin.py:188} INFO - Добавлена новая профессия: Веб-аналитик
[2024-06-17T00:03:53.315+0000] {logging_mixin.py:188} INFO - Добавлена новая профессия: Специалист по информационным ресурсам
[2024-06-17T00:04:04.108+0000] {logging_mixin.py:188} INFO - Добавлена новая профессия: Линк-менеджер
[2024-06-17T00:04:05.607+0000] {logging_mixin.py:188} INFO - Добавлена новая профессия: Специалист по информационным системам
[2024-06-17T00:04:21.628+0000] {logging_mixin.py:188} INFO - Добавлена новая профессия: Архитектор VR
[2024-06-17T00:04:23.092+0000] {logging_mixin.py:188} INFO - Добавлена новая профессия: Flash-аниматор
[2024-06-17T00:04:24.492+0000] {logging_mixin.py:188} INFO - Добавлена новая профессия: Дизайнер интерфейсов
[2024-06-17T00:04:34.611+0000] {logging_mixin.py:188} INFO - Добавлена новая профессия: Системный инженер
[2024-06-17T00:04:45.481+0000] {logging_mixin.py:188} INFO - Добавлена новая профессия: Gamedev (разработчик игр)
[2024-06-17T00:04:55.700+0000] {logging_mixin.py:188} INFO - Добавлена новая профессия: Сетевой администратор
[2024-06-17T00:05:06.222+0000] {logging_mixin.py:188} INFO - Добавлена новая профессия: Разработчик БД (баз данных)
[2024-06-17T00:05:17.614+0000] {logging_mixin.py:188} INFO - Добавлена новая профессия: Embedded-программист
[2024-06-17T00:05:28.150+0000] {logging_mixin.py:188} INFO - Добавлена новая профессия: Архитектор баз данных
[2024-06-17T00:05:38.904+0000] {logging_mixin.py:188} INFO - Добавлена новая профессия: Программист PHP
[2024-06-17T00:05:50.616+0000] {logging_mixin.py:188} INFO - Добавлена новая профессия: Программист Ruby
[2024-06-17T00:06:00.903+0000] {logging_mixin.py:188} INFO - Добавлена новая профессия: Программист Java
[2024-06-17T00:06:11.530+0000] {logging_mixin.py:188} INFO - Добавлена новая профессия: Android-разработчик
[2024-06-17T00:06:21.654+0000] {logging_mixin.py:188} INFO - Добавлена новая профессия: iOS-разработчик
[2024-06-17T00:06:31.911+0000] {logging_mixin.py:188} INFO - Добавлена новая профессия: Программист C#
[2024-06-17T00:06:44.014+0000] {logging_mixin.py:188} INFO - Добавлена новая профессия: Разработчик нейроинтерфейсов
[2024-06-17T00:06:45.415+0000] {logging_mixin.py:188} INFO - Добавлена новая профессия: Программист Python
[2024-06-17T00:06:56.065+0000] {logging_mixin.py:188} INFO - Добавлена новая профессия: Программист Swift
[2024-06-17T00:07:06.604+0000] {logging_mixin.py:188} INFO - Добавлена новая профессия: Архитектор информационных систем
[2024-06-17T00:07:17.608+0000] {logging_mixin.py:188} INFO - Добавлена новая профессия: Биоинформатик
[2024-06-17T00:07:18.984+0000] {logging_mixin.py:188} INFO - Добавлена новая профессия: Программист C++
[2024-06-17T00:07:29.611+0000] {logging_mixin.py:188} INFO - Добавлена новая профессия: Программист JavaScript
[2024-06-17T00:07:40.154+0000] {logging_mixin.py:188} INFO - Добавлена новая профессия: Программист Kotlin
[2024-06-17T00:07:50.742+0000] {logging_mixin.py:188} INFO - Добавлена новая профессия: BI разработчик
[2024-06-17T00:08:00.892+0000] {logging_mixin.py:188} INFO - Добавлена новая профессия: Data Mining Specialist
[2024-06-17T00:08:02.249+0000] {logging_mixin.py:188} INFO - Добавлена новая профессия: Quant developer
[2024-06-17T00:08:03.655+0000] {logging_mixin.py:188} INFO - Добавлена новая профессия: Intelligent Systems Developer
[2024-06-17T00:08:14.578+0000] {logging_mixin.py:188} INFO - Добавлена новая профессия: Программист С
[2024-06-17T00:08:24.848+0000] {logging_mixin.py:188} INFO - Добавлена новая профессия: Лингвоэксперт
[2024-06-17T00:08:26.215+0000] {logging_mixin.py:188} INFO - Добавлена новая профессия: UX-дизайнер
[2024-06-17T00:08:37.275+0000] {logging_mixin.py:188} INFO - Добавлена новая профессия: UX-аналитик
[2024-06-17T00:08:48.189+0000] {logging_mixin.py:188} INFO - Добавлена новая профессия: UI-дизайнер
[2024-06-17T00:08:58.158+0000] {logging_mixin.py:188} INFO - Добавлена новая профессия: Инженер-программист
[2024-06-17T00:09:10.092+0000] {logging_mixin.py:188} INFO - Добавлена новая профессия: Компьютерный лингвист
[2024-06-17T00:09:11.518+0000] {logging_mixin.py:188} INFO - Добавлена новая профессия: Аналитик
[2024-06-17T00:09:23.810+0000] {logging_mixin.py:188} INFO - Добавлена новая профессия: Тестировщик мобильных приложений
[2024-06-17T00:09:36.036+0000] {logging_mixin.py:188} INFO - Добавлена новая профессия: Системный аналитик
[2024-06-17T00:09:48.913+0000] {logging_mixin.py:188} INFO - Добавлена новая профессия: Продуктовый аналитик
[2024-06-17T00:10:00.789+0000] {logging_mixin.py:188} INFO - Добавлена новая профессия: Go-разработчик
[2024-06-17T00:10:12.179+0000] {logging_mixin.py:188} INFO - Добавлена новая профессия: DevOps-инженер
[2024-06-17T00:10:23.188+0000] {logging_mixin.py:188} INFO - Добавлена новая профессия: Data Engineer
[2024-06-17T00:10:34.367+0000] {logging_mixin.py:188} INFO - Добавлена новая профессия: Big Data Analyst
[2024-06-17T00:10:46.842+0000] {logging_mixin.py:188} INFO - Добавлена новая профессия: Fullstack-разработчик на PHP
[2024-06-17T00:10:57.698+0000] {logging_mixin.py:188} INFO - Добавлена новая профессия: Fullstack-разработчик на JavaScript
[2024-06-17T00:11:07.749+0000] {logging_mixin.py:188} INFO - Добавлена новая профессия: Fullstack-разработчик на Python
[2024-06-17T00:11:09.331+0000] {logging_mixin.py:188} INFO - Добавлена новая профессия: Гейм-аналитик
[2024-06-17T00:11:10.694+0000] {logging_mixin.py:188} INFO - Добавлена новая профессия: Разработчик чат-ботов
[2024-06-17T00:11:21.931+0000] {logging_mixin.py:188} INFO - Добавлена новая профессия: Разработчик на Unity
[2024-06-17T00:11:32.846+0000] {logging_mixin.py:188} INFO - Добавлена новая профессия: QA Automation Engineer
[2024-06-17T00:11:44.047+0000] {logging_mixin.py:188} INFO - Добавлена новая профессия: Аналитик мобильных приложений
[2024-06-17T00:11:55.249+0000] {logging_mixin.py:188} INFO - Добавлена новая профессия: Профессия fullstack-разработчик
[2024-06-17T00:11:56.831+0000] {logging_mixin.py:188} INFO - Добавлена новая профессия: UX-исследователь
[2024-06-17T00:12:08.300+0000] {logging_mixin.py:188} INFO - Добавлена новая профессия: Программист дронов
[2024-06-17T00:12:09.862+0000] {logging_mixin.py:188} INFO - Добавлена новая профессия: VFX-дизайнер
[2024-06-17T00:12:11.359+0000] {logging_mixin.py:188} INFO - Добавлена новая профессия: Специалист по кибербезопасности
[2024-06-17T00:12:23.538+0000] {logging_mixin.py:188} INFO - Добавлена новая профессия: Разработчик на Unreal Engine
[2024-06-17T00:12:34.972+0000] {logging_mixin.py:188} INFO - Добавлена новая профессия: Блокчейн-разработчик
[2024-06-17T00:12:36.393+0000] {logging_mixin.py:188} INFO - Добавлена новая профессия: Разработчик нейросетей 
[2024-06-17T00:12:49.413+0000] {logging_mixin.py:188} INFO - Добавлена новая профессия: ML-специалист
[2024-06-17T00:12:50.796+0000] {logging_mixin.py:188} INFO - Добавлена новая профессия: Разработчик на React Native 
[2024-06-17T00:13:02.289+0000] {logging_mixin.py:188} INFO - Добавлена новая профессия: Node.js-разработчик
[2024-06-17T00:13:13.314+0000] {logging_mixin.py:188} INFO - Добавлена новая профессия: Prompt-инженер
[2024-06-17T00:13:14.745+0000] {logging_mixin.py:188} INFO - Добавлена новая профессия: NLP-специалист
[2024-06-17T00:13:16.086+0000] {logging_mixin.py:188} INFO - Добавлена новая профессия: Deep Learning Engineer
[2024-06-17T00:13:17.714+0000] {logging_mixin.py:188} INFO - Добавлена новая профессия: Разработчик компьютерного зрения
[2024-06-17T00:13:29.956+0000] {logging_mixin.py:188} INFO - Добавлена новая профессия: Пентестер
[2024-06-17T00:13:31.560+0000] {logging_mixin.py:188} INFO - Добавлена новая профессия: Маркетолог
[2024-06-17T00:13:42.377+0000] {logging_mixin.py:188} INFO - Добавлена новая профессия: SMM-специалист
[2024-06-17T00:13:53.994+0000] {logging_mixin.py:188} INFO - Добавлена новая профессия: Веб-маркетолог
[2024-06-17T00:13:56.250+0000] {xcom.py:675} ERROR - Object of type DataFrame is not JSON serializable. If you are using pickle instead of JSON for XCom, then you need to enable pickle support for XCom in your *** config or make sure to decorate your object with attr.
[2024-06-17T00:13:56.251+0000] {taskinstance.py:441} INFO - ::group::Post task execution logs
[2024-06-17T00:13:56.251+0000] {taskinstance.py:2905} ERROR - Task failed with exception
Traceback (most recent call last):
  File "/home/airflow/.local/lib/python3.12/site-packages/airflow/utils/json.py", line 91, in default
    return serialize(o)
           ^^^^^^^^^^^^
  File "/home/airflow/.local/lib/python3.12/site-packages/airflow/serialization/serde.py", line 148, in serialize
    data, serialized_classname, version, is_serialized = _serializers[qn].serialize(o)
                                                         ^^^^^^^^^^^^^^^^^^^^^^^^^^^^^
  File "/home/airflow/.local/lib/python3.12/site-packages/airflow/serialization/serializers/pandas.py", line 49, in serialize
    table = pa.Table.from_pandas(o)
            ^^^^^^^^^^^^^^^^^^^^^^^
  File "pyarrow/table.pxi", line 4525, in pyarrow.lib.Table.from_pandas
  File "/home/airflow/.local/lib/python3.12/site-packages/pyarrow/pandas_compat.py", line 624, in dataframe_to_arrays
    arrays[i] = maybe_fut.result()
                ^^^^^^^^^^^^^^^^^^
  File "/usr/local/lib/python3.12/concurrent/futures/_base.py", line 449, in result
    return self.__get_result()
           ^^^^^^^^^^^^^^^^^^^
  File "/usr/local/lib/python3.12/concurrent/futures/_base.py", line 401, in __get_result
    raise self._exception
  File "/usr/local/lib/python3.12/concurrent/futures/thread.py", line 58, in run
    result = self.fn(*self.args, **self.kwargs)
             ^^^^^^^^^^^^^^^^^^^^^^^^^^^^^^^^^^
  File "/home/airflow/.local/lib/python3.12/site-packages/pyarrow/pandas_compat.py", line 598, in convert_column
    raise e
  File "/home/airflow/.local/lib/python3.12/site-packages/pyarrow/pandas_compat.py", line 592, in convert_column
    result = pa.array(col, type=type_, from_pandas=True, safe=safe)
             ^^^^^^^^^^^^^^^^^^^^^^^^^^^^^^^^^^^^^^^^^^^^^^^^^^^^^^
  File "pyarrow/array.pxi", line 345, in pyarrow.lib.array
  File "pyarrow/array.pxi", line 85, in pyarrow.lib._ndarray_to_array
  File "pyarrow/error.pxi", line 91, in pyarrow.lib.check_status
pyarrow.lib.ArrowTypeError: ("Expected bytes, got a 'list' object", 'Conversion failed for column Tags with type object')

During handling of the above exception, another exception occurred:

Traceback (most recent call last):
  File "/home/airflow/.local/lib/python3.12/site-packages/airflow/models/taskinstance.py", line 465, in _execute_task
    result = _execute_callable(context=context, **execute_callable_kwargs)
             ^^^^^^^^^^^^^^^^^^^^^^^^^^^^^^^^^^^^^^^^^^^^^^^^^^^^^^^^^^^^^
  File "/home/airflow/.local/lib/python3.12/site-packages/airflow/models/taskinstance.py", line 432, in _execute_callable
    return execute_callable(context=context, **execute_callable_kwargs)
           ^^^^^^^^^^^^^^^^^^^^^^^^^^^^^^^^^^^^^^^^^^^^^^^^^^^^^^^^^^^^
  File "/home/airflow/.local/lib/python3.12/site-packages/airflow/models/baseoperator.py", line 400, in wrapper
    return func(self, *args, **kwargs)
           ^^^^^^^^^^^^^^^^^^^^^^^^^^^
  File "/home/airflow/.local/lib/python3.12/site-packages/airflow/operators/python.py", line 235, in execute
    return_value = self.execute_callable()
                   ^^^^^^^^^^^^^^^^^^^^^^^
  File "/home/airflow/.local/lib/python3.12/site-packages/airflow/operators/python.py", line 252, in execute_callable
    return self.python_callable(*self.op_args, **self.op_kwargs)
           ^^^^^^^^^^^^^^^^^^^^^^^^^^^^^^^^^^^^^^^^^^^^^^^^^^^^^
  File "/opt/airflow/dags/tasks/parse_hh.py", line 227, in get_dataset_with_tags
    ti.xcom_push(key="dataset", value=dataset)
  File "/home/airflow/.local/lib/python3.12/site-packages/airflow/utils/session.py", line 79, in wrapper
    return func(*args, session=session, **kwargs)
           ^^^^^^^^^^^^^^^^^^^^^^^^^^^^^^^^^^^^^^
  File "/home/airflow/.local/lib/python3.12/site-packages/airflow/models/taskinstance.py", line 3197, in xcom_push
    XCom.set(
  File "/home/airflow/.local/lib/python3.12/site-packages/airflow/utils/session.py", line 76, in wrapper
    return func(*args, **kwargs)
           ^^^^^^^^^^^^^^^^^^^^^
  File "/home/airflow/.local/lib/python3.12/site-packages/airflow/models/xcom.py", line 246, in set
    value = cls.serialize_value(
            ^^^^^^^^^^^^^^^^^^^^
  File "/home/airflow/.local/lib/python3.12/site-packages/airflow/models/xcom.py", line 673, in serialize_value
    return json.dumps(value, cls=XComEncoder).encode("UTF-8")
           ^^^^^^^^^^^^^^^^^^^^^^^^^^^^^^^^^^
  File "/usr/local/lib/python3.12/json/__init__.py", line 238, in dumps
    **kw).encode(obj)
          ^^^^^^^^^^^
  File "/home/airflow/.local/lib/python3.12/site-packages/airflow/utils/json.py", line 104, in encode
    return super().encode(o)
           ^^^^^^^^^^^^^^^^^
  File "/usr/local/lib/python3.12/json/encoder.py", line 200, in encode
    chunks = self.iterencode(o, _one_shot=True)
             ^^^^^^^^^^^^^^^^^^^^^^^^^^^^^^^^^^
  File "/usr/local/lib/python3.12/json/encoder.py", line 258, in iterencode
    return _iterencode(o, 0)
           ^^^^^^^^^^^^^^^^^
  File "/home/airflow/.local/lib/python3.12/site-packages/airflow/utils/json.py", line 93, in default
    return super().default(o)
           ^^^^^^^^^^^^^^^^^^
  File "/usr/local/lib/python3.12/json/encoder.py", line 180, in default
    raise TypeError(f'Object of type {o.__class__.__name__} '
TypeError: Object of type DataFrame is not JSON serializable
[2024-06-17T00:13:56.260+0000] {taskinstance.py:1206} INFO - Marking task as UP_FOR_RETRY. dag_id=dag_data_etl_v3, task_id=parse_data, run_id=scheduled__2024-06-16T12:00:00+00:00, execution_date=20240616T120000, start_date=20240617T000002, end_date=20240617T001356
[2024-06-17T00:13:56.268+0000] {standard_task_runner.py:110} ERROR - Failed to execute job 20 for task parse_data (Object of type DataFrame is not JSON serializable; 1316)
[2024-06-17T00:13:56.288+0000] {local_task_job_runner.py:240} INFO - Task exited with return code 1
[2024-06-17T00:13:56.298+0000] {taskinstance.py:3498} INFO - 0 downstream tasks scheduled from follow-on schedule check
[2024-06-17T00:13:56.301+0000] {local_task_job_runner.py:222} INFO - ::endgroup::
