[2024-06-17T00:57:13.131+0000] {local_task_job_runner.py:120} INFO - ::group::Pre task execution logs
[2024-06-17T00:57:13.146+0000] {taskinstance.py:2076} INFO - Dependencies all met for dep_context=non-requeueable deps ti=<TaskInstance: dag_data_etl_v3.parse_data scheduled__2024-06-16T12:00:00+00:00 [queued]>
[2024-06-17T00:57:13.151+0000] {taskinstance.py:2076} INFO - Dependencies all met for dep_context=requeueable deps ti=<TaskInstance: dag_data_etl_v3.parse_data scheduled__2024-06-16T12:00:00+00:00 [queued]>
[2024-06-17T00:57:13.151+0000] {taskinstance.py:2306} INFO - Starting attempt 4 of 6
[2024-06-17T00:57:13.159+0000] {taskinstance.py:2330} INFO - Executing <Task(PythonOperator): parse_data> on 2024-06-16 12:00:00+00:00
[2024-06-17T00:57:13.165+0000] {standard_task_runner.py:90} INFO - Running: ['***', 'tasks', 'run', 'dag_data_etl_v3', 'parse_data', 'scheduled__2024-06-16T12:00:00+00:00', '--job-id', '23', '--raw', '--subdir', 'DAGS_FOLDER/data_etl_dag.py', '--cfg-path', '/tmp/tmprn8wsgum']
[2024-06-17T00:57:13.166+0000] {standard_task_runner.py:91} INFO - Job 23: Subtask parse_data
[2024-06-17T00:57:13.167+0000] {logging_mixin.py:188} WARNING - /home/***/.local/lib/python3.12/site-packages/***/task/task_runner/standard_task_runner.py:61 DeprecationWarning: This process (pid=2695) is multi-threaded, use of fork() may lead to deadlocks in the child.
[2024-06-17T00:57:13.167+0000] {standard_task_runner.py:63} INFO - Started process 2697 to run task
[2024-06-17T00:57:13.191+0000] {task_command.py:426} INFO - Running <TaskInstance: dag_data_etl_v3.parse_data scheduled__2024-06-16T12:00:00+00:00 [running]> on host 10482076056f
[2024-06-17T00:57:13.240+0000] {taskinstance.py:2648} INFO - Exporting env vars: AIRFLOW_CTX_DAG_OWNER='Solarev Ruslan' AIRFLOW_CTX_DAG_ID='dag_data_etl_v3' AIRFLOW_CTX_TASK_ID='parse_data' AIRFLOW_CTX_EXECUTION_DATE='2024-06-16T12:00:00+00:00' AIRFLOW_CTX_TRY_NUMBER='4' AIRFLOW_CTX_DAG_RUN_ID='scheduled__2024-06-16T12:00:00+00:00'
[2024-06-17T00:57:13.241+0000] {taskinstance.py:430} INFO - ::endgroup::
[2024-06-17T00:57:13.259+0000] {logging_mixin.py:188} INFO - Добавлена новая профессия: Администратор базы данных
[2024-06-17T00:57:23.060+0000] {logging_mixin.py:188} INFO - Добавлена новая профессия: ERP-программист
[2024-06-17T00:57:33.697+0000] {logging_mixin.py:188} INFO - Добавлена новая профессия: Тестировщик программного обеспечения (ПО)
[2024-06-17T00:57:44.604+0000] {logging_mixin.py:188} INFO - Добавлена новая профессия: Модератор форума
[2024-06-17T00:57:45.988+0000] {logging_mixin.py:188} INFO - Добавлена новая профессия: HTML-верстальщик
[2024-06-17T00:57:47.460+0000] {logging_mixin.py:188} INFO - Добавлена новая профессия: Системный администратор
[2024-06-17T00:57:58.076+0000] {logging_mixin.py:188} INFO - Добавлена новая профессия: IT-евангелист
[2024-06-17T00:57:59.522+0000] {logging_mixin.py:188} INFO - Добавлена новая профессия: Технический писатель
[2024-06-17T00:58:09.776+0000] {logging_mixin.py:188} INFO - Добавлена новая профессия: Администратор сайта
[2024-06-17T00:58:20.144+0000] {logging_mixin.py:188} INFO - Добавлена новая профессия: Бизнес-аналитик 
[2024-06-17T00:58:31.453+0000] {logging_mixin.py:188} INFO - Добавлена новая профессия: Специалист по информационной безопасности
[2024-06-17T00:58:41.562+0000] {logging_mixin.py:188} INFO - Добавлена новая профессия: Веб-программист
[2024-06-17T00:58:51.680+0000] {logging_mixin.py:188} INFO - Добавлена новая профессия: Программист
[2024-06-17T00:59:09.246+0000] {logging_mixin.py:188} INFO - Добавлена новая профессия: Программист 1С
[2024-06-17T00:59:19.126+0000] {logging_mixin.py:188} INFO - Добавлена новая профессия: Системный программист
[2024-06-17T00:59:29.410+0000] {logging_mixin.py:188} INFO - Добавлена новая профессия: ERP-консультант
[2024-06-17T00:59:39.500+0000] {logging_mixin.py:188} INFO - Добавлена новая профессия: Корпоративный архитектор
[2024-06-17T00:59:50.426+0000] {logging_mixin.py:188} INFO - Добавлена новая профессия: QA-инженер
[2024-06-17T01:00:00.823+0000] {logging_mixin.py:188} INFO - Добавлена новая профессия: SEO-специалист
[2024-06-17T01:00:11.764+0000] {logging_mixin.py:188} INFO - Добавлена новая профессия: Data Scientist
[2024-06-17T01:00:22.515+0000] {logging_mixin.py:188} INFO - Добавлена новая профессия: Frontend разработчик
[2024-06-17T01:00:32.740+0000] {logging_mixin.py:188} INFO - Добавлена новая профессия: Backend разработчик
[2024-06-17T01:00:43.549+0000] {logging_mixin.py:188} INFO - Добавлена новая профессия: Мобильный разработчик
[2024-06-17T01:00:54.209+0000] {logging_mixin.py:188} INFO - Добавлена новая профессия: Юзабилити-специалист
[2024-06-17T01:00:55.619+0000] {logging_mixin.py:188} INFO - Добавлена новая профессия: Веб-аналитик
[2024-06-17T01:01:06.065+0000] {logging_mixin.py:188} INFO - Добавлена новая профессия: Специалист по информационным ресурсам
[2024-06-17T01:01:22.841+0000] {logging_mixin.py:188} INFO - Добавлена новая профессия: Линк-менеджер
[2024-06-17T01:01:24.252+0000] {logging_mixin.py:188} INFO - Добавлена новая профессия: Специалист по информационным системам
[2024-06-17T01:01:39.759+0000] {logging_mixin.py:188} INFO - Добавлена новая профессия: Архитектор VR
[2024-06-17T01:01:41.123+0000] {logging_mixin.py:188} INFO - Добавлена новая профессия: Flash-аниматор
[2024-06-17T01:01:42.489+0000] {logging_mixin.py:188} INFO - Добавлена новая профессия: Дизайнер интерфейсов
[2024-06-17T01:01:55.270+0000] {logging_mixin.py:188} INFO - Добавлена новая профессия: Системный инженер
[2024-06-17T01:02:07.430+0000] {logging_mixin.py:188} INFO - Добавлена новая профессия: Gamedev (разработчик игр)
[2024-06-17T01:02:18.628+0000] {logging_mixin.py:188} INFO - Добавлена новая профессия: Сетевой администратор
[2024-06-17T01:02:29.004+0000] {logging_mixin.py:188} INFO - Добавлена новая профессия: Разработчик БД (баз данных)
[2024-06-17T01:02:39.865+0000] {logging_mixin.py:188} INFO - Добавлена новая профессия: Embedded-программист
[2024-06-17T01:02:50.879+0000] {logging_mixin.py:188} INFO - Добавлена новая профессия: Архитектор баз данных
[2024-06-17T01:03:02.392+0000] {logging_mixin.py:188} INFO - Добавлена новая профессия: Программист PHP
[2024-06-17T01:03:12.866+0000] {logging_mixin.py:188} INFO - Добавлена новая профессия: Программист Ruby
[2024-06-17T01:03:22.896+0000] {logging_mixin.py:188} INFO - Добавлена новая профессия: Программист Java
[2024-06-17T01:03:34.112+0000] {logging_mixin.py:188} INFO - Добавлена новая профессия: Android-разработчик
[2024-06-17T01:03:44.144+0000] {logging_mixin.py:188} INFO - Добавлена новая профессия: iOS-разработчик
[2024-06-17T01:03:55.148+0000] {logging_mixin.py:188} INFO - Добавлена новая профессия: Программист C#
[2024-06-17T01:04:11.666+0000] {logging_mixin.py:188} INFO - Добавлена новая профессия: Разработчик нейроинтерфейсов
[2024-06-17T01:04:13.134+0000] {logging_mixin.py:188} INFO - Добавлена новая профессия: Программист Python
[2024-06-17T01:04:23.969+0000] {logging_mixin.py:188} INFO - Добавлена новая профессия: Программист Swift
[2024-06-17T01:04:34.719+0000] {logging_mixin.py:188} INFO - Добавлена новая профессия: Архитектор информационных систем
[2024-06-17T01:04:45.001+0000] {logging_mixin.py:188} INFO - Добавлена новая профессия: Биоинформатик
[2024-06-17T01:04:46.362+0000] {logging_mixin.py:188} INFO - Добавлена новая профессия: Программист C++
[2024-06-17T01:04:57.628+0000] {logging_mixin.py:188} INFO - Добавлена новая профессия: Программист JavaScript
[2024-06-17T01:05:07.957+0000] {logging_mixin.py:188} INFO - Добавлена новая профессия: Программист Kotlin
[2024-06-17T01:05:18.405+0000] {logging_mixin.py:188} INFO - Добавлена новая профессия: BI разработчик
[2024-06-17T01:05:28.057+0000] {logging_mixin.py:188} INFO - Добавлена новая профессия: Data Mining Specialist
[2024-06-17T01:05:29.474+0000] {logging_mixin.py:188} INFO - Добавлена новая профессия: Quant developer
[2024-06-17T01:05:30.902+0000] {logging_mixin.py:188} INFO - Добавлена новая профессия: Intelligent Systems Developer
[2024-06-17T01:05:42.097+0000] {logging_mixin.py:188} INFO - Добавлена новая профессия: Программист С
[2024-06-17T01:05:52.224+0000] {logging_mixin.py:188} INFO - Добавлена новая профессия: Лингвоэксперт
[2024-06-17T01:05:53.587+0000] {logging_mixin.py:188} INFO - Добавлена новая профессия: UX-дизайнер
[2024-06-17T01:06:13.793+0000] {logging_mixin.py:188} INFO - Добавлена новая профессия: UX-аналитик
[2024-06-17T01:06:25.075+0000] {logging_mixin.py:188} INFO - Добавлена новая профессия: UI-дизайнер
[2024-06-17T01:06:35.571+0000] {logging_mixin.py:188} INFO - Добавлена новая профессия: Инженер-программист
[2024-06-17T01:06:46.493+0000] {logging_mixin.py:188} INFO - Добавлена новая профессия: Компьютерный лингвист
[2024-06-17T01:06:47.873+0000] {logging_mixin.py:188} INFO - Добавлена новая профессия: Аналитик
[2024-06-17T01:06:59.874+0000] {logging_mixin.py:188} INFO - Добавлена новая профессия: Тестировщик мобильных приложений
[2024-06-17T01:07:10.002+0000] {logging_mixin.py:188} INFO - Добавлена новая профессия: Системный аналитик
[2024-06-17T01:07:20.956+0000] {logging_mixin.py:188} INFO - Добавлена новая профессия: Продуктовый аналитик
[2024-06-17T01:07:31.876+0000] {logging_mixin.py:188} INFO - Добавлена новая профессия: Go-разработчик
[2024-06-17T01:07:41.959+0000] {logging_mixin.py:188} INFO - Добавлена новая профессия: DevOps-инженер
[2024-06-17T01:07:52.921+0000] {logging_mixin.py:188} INFO - Добавлена новая профессия: Data Engineer
[2024-06-17T01:08:05.837+0000] {logging_mixin.py:188} INFO - Добавлена новая профессия: Big Data Analyst
[2024-06-17T01:08:20.143+0000] {logging_mixin.py:188} INFO - Добавлена новая профессия: Fullstack-разработчик на PHP
[2024-06-17T01:08:30.160+0000] {logging_mixin.py:188} INFO - Добавлена новая профессия: Fullstack-разработчик на JavaScript
[2024-06-17T01:08:40.585+0000] {logging_mixin.py:188} INFO - Добавлена новая профессия: Fullstack-разработчик на Python
[2024-06-17T01:08:42.306+0000] {logging_mixin.py:188} INFO - Добавлена новая профессия: Гейм-аналитик
[2024-06-17T01:08:43.726+0000] {logging_mixin.py:188} INFO - Добавлена новая профессия: Разработчик чат-ботов
[2024-06-17T01:08:54.665+0000] {logging_mixin.py:188} INFO - Добавлена новая профессия: Разработчик на Unity
[2024-06-17T01:09:04.903+0000] {logging_mixin.py:188} INFO - Добавлена новая профессия: QA Automation Engineer
[2024-06-17T01:09:15.084+0000] {logging_mixin.py:188} INFO - Добавлена новая профессия: Аналитик мобильных приложений
[2024-06-17T01:09:25.376+0000] {logging_mixin.py:188} INFO - Добавлена новая профессия: Профессия fullstack-разработчик
[2024-06-17T01:09:26.739+0000] {logging_mixin.py:188} INFO - Добавлена новая профессия: UX-исследователь
[2024-06-17T01:09:37.474+0000] {logging_mixin.py:188} INFO - Добавлена новая профессия: Программист дронов
[2024-06-17T01:09:38.861+0000] {logging_mixin.py:188} INFO - Добавлена новая профессия: VFX-дизайнер
[2024-06-17T01:09:40.239+0000] {logging_mixin.py:188} INFO - Добавлена новая профессия: Специалист по кибербезопасности
[2024-06-17T01:09:50.505+0000] {logging_mixin.py:188} INFO - Добавлена новая профессия: Разработчик на Unreal Engine
[2024-06-17T01:10:01.319+0000] {logging_mixin.py:188} INFO - Добавлена новая профессия: Блокчейн-разработчик
[2024-06-17T01:10:02.762+0000] {logging_mixin.py:188} INFO - Добавлена новая профессия: Разработчик нейросетей 
[2024-06-17T01:10:16.139+0000] {logging_mixin.py:188} INFO - Добавлена новая профессия: ML-специалист
[2024-06-17T01:10:18.156+0000] {logging_mixin.py:188} INFO - Добавлена новая профессия: Разработчик на React Native 
[2024-06-17T01:10:30.329+0000] {logging_mixin.py:188} INFO - Добавлена новая профессия: Node.js-разработчик
[2024-06-17T01:10:40.690+0000] {logging_mixin.py:188} INFO - Добавлена новая профессия: Prompt-инженер
[2024-06-17T01:10:42.042+0000] {logging_mixin.py:188} INFO - Добавлена новая профессия: NLP-специалист
[2024-06-17T01:10:43.378+0000] {logging_mixin.py:188} INFO - Добавлена новая профессия: Deep Learning Engineer
[2024-06-17T01:10:45.241+0000] {logging_mixin.py:188} INFO - Добавлена новая профессия: Разработчик компьютерного зрения
[2024-06-17T01:10:57.435+0000] {logging_mixin.py:188} INFO - Добавлена новая профессия: Пентестер
[2024-06-17T01:10:59.192+0000] {logging_mixin.py:188} INFO - Добавлена новая профессия: Маркетолог
[2024-06-17T01:11:10.906+0000] {logging_mixin.py:188} INFO - Добавлена новая профессия: SMM-специалист
[2024-06-17T01:11:21.543+0000] {logging_mixin.py:188} INFO - Добавлена новая профессия: Веб-маркетолог
[2024-06-17T01:11:23.316+0000] {xcom.py:675} ERROR - Object of type DataFrame is not JSON serializable. If you are using pickle instead of JSON for XCom, then you need to enable pickle support for XCom in your *** config or make sure to decorate your object with attr.
[2024-06-17T01:11:23.317+0000] {taskinstance.py:441} INFO - ::group::Post task execution logs
[2024-06-17T01:11:23.317+0000] {taskinstance.py:2905} ERROR - Task failed with exception
Traceback (most recent call last):
  File "/home/airflow/.local/lib/python3.12/site-packages/airflow/utils/json.py", line 91, in default
    return serialize(o)
           ^^^^^^^^^^^^
  File "/home/airflow/.local/lib/python3.12/site-packages/airflow/serialization/serde.py", line 148, in serialize
    data, serialized_classname, version, is_serialized = _serializers[qn].serialize(o)
                                                         ^^^^^^^^^^^^^^^^^^^^^^^^^^^^^
  File "/home/airflow/.local/lib/python3.12/site-packages/airflow/serialization/serializers/pandas.py", line 49, in serialize
    table = pa.Table.from_pandas(o)
            ^^^^^^^^^^^^^^^^^^^^^^^
  File "pyarrow/table.pxi", line 4525, in pyarrow.lib.Table.from_pandas
  File "/home/airflow/.local/lib/python3.12/site-packages/pyarrow/pandas_compat.py", line 624, in dataframe_to_arrays
    arrays[i] = maybe_fut.result()
                ^^^^^^^^^^^^^^^^^^
  File "/usr/local/lib/python3.12/concurrent/futures/_base.py", line 449, in result
    return self.__get_result()
           ^^^^^^^^^^^^^^^^^^^
  File "/usr/local/lib/python3.12/concurrent/futures/_base.py", line 401, in __get_result
    raise self._exception
  File "/usr/local/lib/python3.12/concurrent/futures/thread.py", line 58, in run
    result = self.fn(*self.args, **self.kwargs)
             ^^^^^^^^^^^^^^^^^^^^^^^^^^^^^^^^^^
  File "/home/airflow/.local/lib/python3.12/site-packages/pyarrow/pandas_compat.py", line 598, in convert_column
    raise e
  File "/home/airflow/.local/lib/python3.12/site-packages/pyarrow/pandas_compat.py", line 592, in convert_column
    result = pa.array(col, type=type_, from_pandas=True, safe=safe)
             ^^^^^^^^^^^^^^^^^^^^^^^^^^^^^^^^^^^^^^^^^^^^^^^^^^^^^^
  File "pyarrow/array.pxi", line 345, in pyarrow.lib.array
  File "pyarrow/array.pxi", line 85, in pyarrow.lib._ndarray_to_array
  File "pyarrow/error.pxi", line 91, in pyarrow.lib.check_status
pyarrow.lib.ArrowTypeError: ("Expected bytes, got a 'list' object", 'Conversion failed for column Tags with type object')

During handling of the above exception, another exception occurred:

Traceback (most recent call last):
  File "/home/airflow/.local/lib/python3.12/site-packages/airflow/models/taskinstance.py", line 465, in _execute_task
    result = _execute_callable(context=context, **execute_callable_kwargs)
             ^^^^^^^^^^^^^^^^^^^^^^^^^^^^^^^^^^^^^^^^^^^^^^^^^^^^^^^^^^^^^
  File "/home/airflow/.local/lib/python3.12/site-packages/airflow/models/taskinstance.py", line 432, in _execute_callable
    return execute_callable(context=context, **execute_callable_kwargs)
           ^^^^^^^^^^^^^^^^^^^^^^^^^^^^^^^^^^^^^^^^^^^^^^^^^^^^^^^^^^^^
  File "/home/airflow/.local/lib/python3.12/site-packages/airflow/models/baseoperator.py", line 400, in wrapper
    return func(self, *args, **kwargs)
           ^^^^^^^^^^^^^^^^^^^^^^^^^^^
  File "/home/airflow/.local/lib/python3.12/site-packages/airflow/operators/python.py", line 235, in execute
    return_value = self.execute_callable()
                   ^^^^^^^^^^^^^^^^^^^^^^^
  File "/home/airflow/.local/lib/python3.12/site-packages/airflow/operators/python.py", line 252, in execute_callable
    return self.python_callable(*self.op_args, **self.op_kwargs)
           ^^^^^^^^^^^^^^^^^^^^^^^^^^^^^^^^^^^^^^^^^^^^^^^^^^^^^
  File "/opt/airflow/dags/tasks/parse_hh.py", line 227, in get_dataset_with_tags
    ti.xcom_push(key="dataset", value=dataset)
  File "/home/airflow/.local/lib/python3.12/site-packages/airflow/utils/session.py", line 79, in wrapper
    return func(*args, session=session, **kwargs)
           ^^^^^^^^^^^^^^^^^^^^^^^^^^^^^^^^^^^^^^
  File "/home/airflow/.local/lib/python3.12/site-packages/airflow/models/taskinstance.py", line 3197, in xcom_push
    XCom.set(
  File "/home/airflow/.local/lib/python3.12/site-packages/airflow/utils/session.py", line 76, in wrapper
    return func(*args, **kwargs)
           ^^^^^^^^^^^^^^^^^^^^^
  File "/home/airflow/.local/lib/python3.12/site-packages/airflow/models/xcom.py", line 246, in set
    value = cls.serialize_value(
            ^^^^^^^^^^^^^^^^^^^^
  File "/home/airflow/.local/lib/python3.12/site-packages/airflow/models/xcom.py", line 673, in serialize_value
    return json.dumps(value, cls=XComEncoder).encode("UTF-8")
           ^^^^^^^^^^^^^^^^^^^^^^^^^^^^^^^^^^
  File "/usr/local/lib/python3.12/json/__init__.py", line 238, in dumps
    **kw).encode(obj)
          ^^^^^^^^^^^
  File "/home/airflow/.local/lib/python3.12/site-packages/airflow/utils/json.py", line 104, in encode
    return super().encode(o)
           ^^^^^^^^^^^^^^^^^
  File "/usr/local/lib/python3.12/json/encoder.py", line 200, in encode
    chunks = self.iterencode(o, _one_shot=True)
             ^^^^^^^^^^^^^^^^^^^^^^^^^^^^^^^^^^
  File "/usr/local/lib/python3.12/json/encoder.py", line 258, in iterencode
    return _iterencode(o, 0)
           ^^^^^^^^^^^^^^^^^
  File "/home/airflow/.local/lib/python3.12/site-packages/airflow/utils/json.py", line 93, in default
    return super().default(o)
           ^^^^^^^^^^^^^^^^^^
  File "/usr/local/lib/python3.12/json/encoder.py", line 180, in default
    raise TypeError(f'Object of type {o.__class__.__name__} '
TypeError: Object of type DataFrame is not JSON serializable
[2024-06-17T01:11:23.325+0000] {taskinstance.py:1206} INFO - Marking task as UP_FOR_RETRY. dag_id=dag_data_etl_v3, task_id=parse_data, run_id=scheduled__2024-06-16T12:00:00+00:00, execution_date=20240616T120000, start_date=20240617T005713, end_date=20240617T011123
[2024-06-17T01:11:23.333+0000] {standard_task_runner.py:110} ERROR - Failed to execute job 23 for task parse_data (Object of type DataFrame is not JSON serializable; 2697)
[2024-06-17T01:11:23.372+0000] {local_task_job_runner.py:240} INFO - Task exited with return code 1
[2024-06-17T01:11:23.383+0000] {taskinstance.py:3498} INFO - 0 downstream tasks scheduled from follow-on schedule check
[2024-06-17T01:11:23.386+0000] {local_task_job_runner.py:222} INFO - ::endgroup::
